<?xml version="1.0" encoding="UTF-8"?>
<!-- Generated by org.testng.reporters.JUnitReportReporter -->
<testsuite hostname="DESKTOP-ADKSRNJ" failures="0" tests="2" name="com.mycompany.app.my_selenium_app.NewTest" time="3.702" errors="0" timestamp="2022-08-09T13:10:22 IST" skipped="0">
  <testcase classname="com.mycompany.app.my_selenium_app.NewTest" name="f" time="0.001"/>
  <system-out/>
  <testcase classname="com.mycompany.app.my_selenium_app.NewTest" name="LaunchChrome" time="3.701"/>
  <system-out/>
</testsuite> <!-- com.mycompany.app.my_selenium_app.NewTest -->
