<?xml version="1.0" encoding="UTF-8"?>
<!-- Generated by org.testng.reporters.JUnitReportReporter -->
<testsuite hostname="DESKTOP-ADKSRNJ" failures="0" tests="2" name="com.mycompany.app.my_selenium_app.NewTest" time="4.299" errors="0" timestamp="2022-08-09T13:07:29 IST" skipped="0">
  <testcase classname="com.mycompany.app.my_selenium_app.NewTest" name="LaunchChrome" time="4.297"/>
  <system-out/>
  <testcase classname="com.mycompany.app.my_selenium_app.NewTest" name="f" time="0.002"/>
  <system-out/>
</testsuite> <!-- com.mycompany.app.my_selenium_app.NewTest -->
